  Using bundled DotNet SDK version: 6.0.302
  Running UnrealBuildTool: dotnet "..\..\Engine\Binaries\DotNET\UnrealBuildTool\UnrealBuildTool.dll" Self_Final_ProjectEditor Win64 Development -Project="C:\Programming\SelfFinalProject\Self_Final_Project\Self_Final_Project.uproject" -WaitMutex -FromMsBuild
  Log file: C:\Users\Duc\AppData\Local\UnrealBuildTool\Log.txt
  Using 'git status' to determine working set for adaptive non-unity build (C:\Programming\SelfFinalProject\Self_Final_Project).
  Building Self_Final_ProjectEditor...
  Using Visual Studio 2022 14.29.30154 toolchain (C:\Program Files\Microsoft Visual Studio\2022\Enterprise\VC\Tools\MSVC\14.29.30133) and Windows 10.0.22621.0 SDK (C:\Program Files (x86)\Windows Kits\10).
  [Upgrade]
  [Upgrade] Using backward-compatible include order. The latest version of UE has changed the order of includes, which may require code changes. The current setting is:
  [Upgrade]     IncludeOrderVersion = EngineIncludeOrderVersion.Unreal5_1
  [Upgrade] Suppress this message by setting 'IncludeOrderVersion = EngineIncludeOrderVersion.Unreal5_2;' in Self_Final_ProjectEditor.Target.cs.
  [Upgrade] Alternatively you can set this to 'EngineIncludeOrderVersion.Latest' to always use the latest include order. This will potentially cause compile errors when integrating new versions of the engine.
  [Upgrade]
  Determining max actions to execute in parallel (16 physical cores, 24 logical cores)
    Executing up to 16 processes, one per physical core
    Requested 1.5 GB free memory per action, 15.71 GB available: limiting max parallel actions to 10
  Building 4 actions with 4 processes...
  [1/4] Compile [x64] Module.Self_Final_Project.cpp
  [2/4] Link [x64] UnrealEditor-Self_Final_Project.lib
     Creating library C:\Programming\SelfFinalProject\Self_Final_Project\Intermediate\Build\Win64\x64\UnrealEditor\Development\Self_Final_Project\UnrealEditor-Self_Final_Project.lib and object C:\Programming\SelfFinalProject\Self_Final_Project\Intermediate\Build\Win64\x64\UnrealEditor\Development\Self_Final_Project\UnrealEditor-Self_Final_Project.exp
  [3/4] Link [x64] UnrealEditor-Self_Final_Project.dll
     Creating library C:\Programming\SelfFinalProject\Self_Final_Project\Intermediate\Build\Win64\x64\UnrealEditor\Development\Self_Final_Project\UnrealEditor-Self_Final_Project.suppressed.lib and object C:\Programming\SelfFinalProject\Self_Final_Project\Intermediate\Build\Win64\x64\UnrealEditor\Development\Self_Final_Project\UnrealEditor-Self_Final_Project.suppressed.exp
  [4/4] WriteMetadata Self_Final_ProjectEditor.target
  Total time in Parallel executor: 5.96 seconds
  Total execution time: 6.65 seconds
